# JRE version: OpenJDK Runtime Environment (11.0.10) (build 11.0.10+0-b96-7249189)
# Java VM: OpenJDK 64-Bit Server VM (11.0.10+0-b96-7249189, mixed mode, tiered, compressed oops, g1 gc, windows-amd64)
Heap:
 garbage-first heap   total 260096K, used 112328K [0x0000000080000000, 0x0000000100000000)
  region size 1024K, 16 young (16384K), 6 survivors (6144K)
 Metaspace       used 120518K, capacity 124564K, committed 124928K, reserved 1157120K
  class space    used 15039K, capacity 16523K, committed 16640K, reserved 1048576K
GC Heap History (20 events):
Event: 13462.148 GC heap before
{Heap before GC invocations=50 (full 0):
 garbage-first heap   total 260096K, used 153175K [0x0000000080000000, 0x0000000100000000)
  region size 1024K, 48 young (49152K), 2 survivors (2048K)
 Metaspace       used 118131K, capacity 121398K, committed 122240K, reserved 1155072K
  class space    used 14755K, capacity 16001K, committed 16512K, reserved 1048576K
}
Event: 13462.161 GC heap after
{Heap after GC invocations=51 (full 0):
 garbage-first heap   total 260096K, used 110317K [0x0000000080000000, 0x0000000100000000)
  region size 1024K, 4 young (4096K), 4 survivors (4096K)
 Metaspace       used 118131K, capacity 121398K, committed 122240K, reserved 1155072K
  class space    used 14755K, capacity 16001K, committed 16512K, reserved 1048576K
}
Event: 13554.439 GC heap before
{Heap before GC invocations=52 (full 0):
 garbage-first heap   total 260096K, used 209488K [0x0000000080000000, 0x0000000100000000)
  region size 1024K, 89 young (91136K), 4 survivors (4096K)
 Metaspace       used 118464K, capacity 121742K, committed 122240K, reserved 1155072K
  class space    used 14781K, capacity 16049K, committed 16512K, reserved 1048576K
}
Event: 13554.448 GC heap after
{Heap after GC invocations=53 (full 0):
 garbage-first heap   total 260096K, used 110373K [0x0000000080000000, 0x0000000100000000)
  region size 1024K, 6 young (6144K), 6 survivors (6144K)
 Metaspace       used 118464K, capacity 121742K, committed 122240K, reserved 1155072K
  class space    used 14781K, capacity 16049K, committed 16512K, reserved 1048576K
}
Event: 13554.528 GC heap before
{Heap before GC invocations=53 (full 0):
 garbage-first heap   total 260096K, used 115493K [0x0000000080000000, 0x0000000100000000)
  region size 1024K, 12 young (12288K), 6 survivors (6144K)
 Metaspace       used 118472K, capacity 121807K, committed 122496K, reserved 1155072K
  class space    used 14781K, capacity 16049K, committed 16512K, reserved 1048576K
}
Event: 13554.542 GC heap after
{Heap after GC invocations=54 (full 0):
 garbage-first heap   total 260096K, used 100697K [0x0000000080000000, 0x0000000100000000)
  region size 1024K, 2 young (2048K), 2 survivors (2048K)
 Metaspace       used 118472K, capacity 121807K, committed 122496K, reserved 1155072K
  class space    used 14781K, capacity 16049K, committed 16512K, reserved 1048576K
}
Event: 13621.279 GC heap before
{Heap before GC invocations=54 (full 0):
 garbage-first heap   total 260096K, used 195929K [0x0000000080000000, 0x0000000100000000)
  region size 1024K, 96 young (98304K), 2 survivors (2048K)
 Metaspace       used 118664K, capacity 121977K, committed 122496K, reserved 1155072K
  class space    used 14785K, capacity 16055K, committed 16512K, reserved 1048576K
}
Event: 13621.293 GC heap after
{Heap after GC invocations=55 (full 0):
 garbage-first heap   total 260096K, used 104794K [0x0000000080000000, 0x0000000100000000)
  region size 1024K, 6 young (6144K), 6 survivors (6144K)
 Metaspace       used 118664K, capacity 121977K, committed 122496K, reserved 1155072K
  class space    used 14785K, capacity 16055K, committed 16512K, reserved 1048576K
}
Event: 13830.633 GC heap before
{Heap before GC invocations=56 (full 0):
 garbage-first heap   total 260096K, used 202074K [0x0000000080000000, 0x0000000100000000)
  region size 1024K, 101 young (103424K), 6 survivors (6144K)
 Metaspace       used 118782K, capacity 122112K, committed 122752K, reserved 1155072K
  class space    used 14786K, capacity 16055K, committed 16512K, reserved 1048576K
}
Event: 13830.652 GC heap after
{Heap after GC invocations=57 (full 0):
 garbage-first heap   total 260096K, used 115488K [0x0000000080000000, 0x0000000100000000)
  region size 1024K, 13 young (13312K), 13 survivors (13312K)
 Metaspace       used 118782K, capacity 122112K, committed 122752K, reserved 1155072K
  class space    used 14786K, capacity 16055K, committed 16512K, reserved 1048576K
}
Event: 13830.659 GC heap before
{Heap before GC invocations=57 (full 0):
 garbage-first heap   total 260096K, used 116512K [0x0000000080000000, 0x0000000100000000)
  region size 1024K, 14 young (14336K), 13 survivors (13312K)
 Metaspace       used 118789K, capacity 122176K, committed 122752K, reserved 1155072K
  class space    used 14786K, capacity 16055K, committed 16512K, reserved 1048576K
}
Event: 13830.693 GC heap after
{Heap after GC invocations=58 (full 0):
 garbage-first heap   total 260096K, used 102008K [0x0000000080000000, 0x0000000100000000)
  region size 1024K, 2 young (2048K), 2 survivors (2048K)
 Metaspace       used 118789K, capacity 122176K, committed 122752K, reserved 1155072K
  class space    used 14786K, capacity 16055K, committed 16512K, reserved 1048576K
}
Event: 13831.211 GC heap before
{Heap before GC invocations=58 (full 0):
 garbage-first heap   total 260096K, used 140920K [0x0000000080000000, 0x0000000100000000)
  region size 1024K, 41 young (41984K), 2 survivors (2048K)
 Metaspace       used 118899K, capacity 122332K, committed 123008K, reserved 1155072K
  class space    used 14789K, capacity 16059K, committed 16512K, reserved 1048576K
}
Event: 13831.223 GC heap after
{Heap after GC invocations=59 (full 0):
 garbage-first heap   total 260096K, used 103353K [0x0000000080000000, 0x0000000100000000)
  region size 1024K, 3 young (3072K), 3 survivors (3072K)
 Metaspace       used 118899K, capacity 122332K, committed 123008K, reserved 1155072K
  class space    used 14789K, capacity 16059K, committed 16512K, reserved 1048576K
}
Event: 13946.690 GC heap before
{Heap before GC invocations=60 (full 0):
 garbage-first heap   total 260096K, used 212921K [0x0000000080000000, 0x0000000100000000)
  region size 1024K, 98 young (100352K), 3 survivors (3072K)
 Metaspace       used 119094K, capacity 122488K, committed 123008K, reserved 1155072K
  class space    used 14790K, capacity 16062K, committed 16512K, reserved 1048576K
}
Event: 13946.702 GC heap after
{Heap after GC invocations=61 (full 0):
 garbage-first heap   total 260096K, used 107553K [0x0000000080000000, 0x0000000100000000)
  region size 1024K, 7 young (7168K), 7 survivors (7168K)
 Metaspace       used 119094K, capacity 122488K, committed 123008K, reserved 1155072K
  class space    used 14790K, capacity 16062K, committed 16512K, reserved 1048576K
}
Event: 13946.721 GC heap before
{Heap before GC invocations=61 (full 0):
 garbage-first heap   total 260096K, used 111649K [0x0000000080000000, 0x0000000100000000)
  region size 1024K, 12 young (12288K), 7 survivors (7168K)
 Metaspace       used 119095K, capacity 122488K, committed 123008K, reserved 1155072K
  class space    used 14790K, capacity 16062K, committed 16512K, reserved 1048576K
}
Event: 13946.743 GC heap after
{Heap after GC invocations=62 (full 0):
 garbage-first heap   total 260096K, used 98538K [0x0000000080000000, 0x0000000100000000)
  region size 1024K, 2 young (2048K), 2 survivors (2048K)
 Metaspace       used 119095K, capacity 122488K, committed 123008K, reserved 1155072K
  class space    used 14790K, capacity 16062K, committed 16512K, reserved 1048576K
}
Event: 14159.397 GC heap before
{Heap before GC invocations=62 (full 0):
 garbage-first heap   total 260096K, used 199914K [0x0000000080000000, 0x0000000100000000)
  region size 1024K, 102 young (104448K), 2 survivors (2048K)
 Metaspace       used 120461K, capacity 124495K, committed 124544K, reserved 1157120K
  class space    used 15027K, capacity 16501K, committed 16512K, reserved 1048576K
}
Event: 14159.415 GC heap after
{Heap after GC invocations=63 (full 0):
 garbage-first heap   total 260096K, used 103112K [0x0000000080000000, 0x0000000100000000)
  region size 1024K, 6 young (6144K), 6 survivors (6144K)
 Metaspace       used 120461K, capacity 124495K, committed 124544K, reserved 1157120K
  class space    used 15027K, capacity 16501K, committed 16512K, reserved 1048576K
}

